payFunDaouData/build/outputs/logs/manifest-merger-release-report.txt
-- Merging decision tree log ---
manifest
ADDED from src/main/AndroidManifest.xml:2:1-130:12
INJECTED from src/main/AndroidManifest.xml:2:1-130:12
INJECTED from src/main/AndroidManifest.xml:2:1-130:12
INJECTED from src/main/AndroidManifest.xml:2:1-130:12
MERGED from [:slidingMenu] AndroidManifest.xml:2:1-11:12
MERGED from [:libRefreshListview] AndroidManifest.xml:2:1-13:12
MERGED from [:emvReaderService] AndroidManifest.xml:2:1-27:12
MERGED from [com.google.firebase:firebase-core:10.0.1] AndroidManifest.xml:2:1-6:12
MERGED from [com.google.firebase:firebase-messaging:10.0.1] AndroidManifest.xml:16:1-30:12
MERGED from [com.google.android.gms:play-services-base:10.0.1] AndroidManifest.xml:16:1-21:12
MERGED from [gun0912.ted:tedpermission:2.1.0] AndroidManifest.xml:2:1-17:12
MERGED from [com.android.support:multidex:1.0.2] AndroidManifest.xml:17:1-22:12
MERGED from [com.google.firebase:firebase-analytics:10.0.1] AndroidManifest.xml:16:1-34:12
MERGED from [com.google.firebase:firebase-analytics-impl:10.0.1] AndroidManifest.xml:16:1-29:12
MERGED from [com.google.firebase:firebase-iid:10.0.1] AndroidManifest.xml:16:1-51:12
MERGED from [com.google.firebase:firebase-common:10.0.1] AndroidManifest.xml:2:1-8:12
MERGED from [com.google.android.gms:play-services-tasks:10.0.1] AndroidManifest.xml:2:1-5:12
MERGED from [com.google.android.gms:play-services-basement:10.0.1] AndroidManifest.xml:16:1-23:12
MERGED from [com.android.support:appcompat-v7:25.0.0] AndroidManifest.xml:17:1-27:12
MERGED from [com.android.support:support-v4:25.0.0] AndroidManifest.xml:17:1-27:12
MERGED from [com.android.support:animated-vector-drawable:25.0.0] AndroidManifest.xml:17:1-24:12
MERGED from [com.android.support:support-vector-drawable:25.0.0] AndroidManifest.xml:17:1-25:12
MERGED from [com.android.support:support-fragment:25.0.0] AndroidManifest.xml:17:1-27:12
MERGED from [com.android.support:support-media-compat:25.0.0] AndroidManifest.xml:17:1-27:12
MERGED from [com.android.support:support-core-utils:25.0.0] AndroidManifest.xml:17:1-27:12
MERGED from [com.android.support:support-core-ui:25.0.0] AndroidManifest.xml:17:1-27:12
MERGED from [com.android.support:support-compat:25.0.0] AndroidManifest.xml:17:1-27:12
INJECTED from src/main/AndroidManifest.xml:2:1-130:12
INJECTED from src/main/AndroidManifest.xml:2:1-130:12
INJECTED from src/main/AndroidManifest.xml:2:1-130:12
	package
		ADDED from src/main/AndroidManifest.xml:3:5-39
		INJECTED from src/main/AndroidManifest.xml
		INJECTED from src/main/AndroidManifest.xml
	android:versionName
		ADDED from src/main/AndroidManifest.xml:6:5-34
		INJECTED from src/main/AndroidManifest.xml
		INJECTED from src/main/AndroidManifest.xml
	xmlns:android
		ADDED from src/main/AndroidManifest.xml:2:11-69
	android:versionCode
		ADDED from src/main/AndroidManifest.xml:5:5-30
		INJECTED from src/main/AndroidManifest.xml
		INJECTED from src/main/AndroidManifest.xml
	android:installLocation
		ADDED from src/main/AndroidManifest.xml:4:5-45
uses-sdk
ADDED from src/main/AndroidManifest.xml:8:5-47
INJECTED from src/main/AndroidManifest.xml:8:5-47
INJECTED from src/main/AndroidManifest.xml:8:5-47
MERGED from [:slidingMenu] AndroidManifest.xml:7:5-9:41
MERGED from [:slidingMenu] AndroidManifest.xml:7:5-9:41
MERGED from [:libRefreshListview] AndroidManifest.xml:7:5-9:40
MERGED from [:libRefreshListview] AndroidManifest.xml:7:5-9:40
MERGED from [:emvReaderService] AndroidManifest.xml:7:5-9:41
MERGED from [:emvReaderService] AndroidManifest.xml:7:5-9:41
MERGED from [com.google.firebase:firebase-core:10.0.1] AndroidManifest.xml:4:5-42
MERGED from [com.google.firebase:firebase-core:10.0.1] AndroidManifest.xml:4:5-42
MERGED from [com.google.firebase:firebase-messaging:10.0.1] AndroidManifest.xml:17:5-42
MERGED from [com.google.firebase:firebase-messaging:10.0.1] AndroidManifest.xml:17:5-42
MERGED from [com.google.android.gms:play-services-base:10.0.1] AndroidManifest.xml:17:5-42
MERGED from [com.google.android.gms:play-services-base:10.0.1] AndroidManifest.xml:17:5-42
MERGED from [gun0912.ted:tedpermission:2.1.0] AndroidManifest.xml:5:5-7:41
MERGED from [gun0912.ted:tedpermission:2.1.0] AndroidManifest.xml:5:5-7:41
MERGED from [com.android.support:multidex:1.0.2] AndroidManifest.xml:20:5-43
MERGED from [com.android.support:multidex:1.0.2] AndroidManifest.xml:20:5-43
MERGED from [com.google.firebase:firebase-analytics:10.0.1] AndroidManifest.xml:17:5-42
MERGED from [com.google.firebase:firebase-analytics:10.0.1] AndroidManifest.xml:17:5-42
MERGED from [com.google.firebase:firebase-analytics-impl:10.0.1] AndroidManifest.xml:17:5-42
MERGED from [com.google.firebase:firebase-analytics-impl:10.0.1] AndroidManifest.xml:17:5-42
MERGED from [com.google.firebase:firebase-iid:10.0.1] AndroidManifest.xml:17:5-42
MERGED from [com.google.firebase:firebase-iid:10.0.1] AndroidManifest.xml:17:5-42
MERGED from [com.google.firebase:firebase-common:10.0.1] AndroidManifest.xml:3:5-42
MERGED from [com.google.firebase:firebase-common:10.0.1] AndroidManifest.xml:3:5-42
MERGED from [com.google.android.gms:play-services-tasks:10.0.1] AndroidManifest.xml:3:5-42
MERGED from [com.google.android.gms:play-services-tasks:10.0.1] AndroidManifest.xml:3:5-42
MERGED from [com.google.android.gms:play-services-basement:10.0.1] AndroidManifest.xml:17:5-42
MERGED from [com.google.android.gms:play-services-basement:10.0.1] AndroidManifest.xml:17:5-42
MERGED from [com.android.support:appcompat-v7:25.0.0] AndroidManifest.xml:21:5-23:78
MERGED from [com.android.support:appcompat-v7:25.0.0] AndroidManifest.xml:21:5-23:78
MERGED from [com.android.support:support-v4:25.0.0] AndroidManifest.xml:21:5-23:54
MERGED from [com.android.support:support-v4:25.0.0] AndroidManifest.xml:21:5-23:54
MERGED from [com.android.support:animated-vector-drawable:25.0.0] AndroidManifest.xml:20:5-44
MERGED from [com.android.support:animated-vector-drawable:25.0.0] AndroidManifest.xml:20:5-44
MERGED from [com.android.support:support-vector-drawable:25.0.0] AndroidManifest.xml:21:5-43
MERGED from [com.android.support:support-vector-drawable:25.0.0] AndroidManifest.xml:21:5-43
MERGED from [com.android.support:support-fragment:25.0.0] AndroidManifest.xml:21:5-23:60
MERGED from [com.android.support:support-fragment:25.0.0] AndroidManifest.xml:21:5-23:60
MERGED from [com.android.support:support-media-compat:25.0.0] AndroidManifest.xml:21:5-23:63
MERGED from [com.android.support:support-media-compat:25.0.0] AndroidManifest.xml:21:5-23:63
MERGED from [com.android.support:support-core-utils:25.0.0] AndroidManifest.xml:21:5-23:61
MERGED from [com.android.support:support-core-utils:25.0.0] AndroidManifest.xml:21:5-23:61
MERGED from [com.android.support:support-core-ui:25.0.0] AndroidManifest.xml:21:5-23:58
MERGED from [com.android.support:support-core-ui:25.0.0] AndroidManifest.xml:21:5-23:58
MERGED from [com.android.support:support-compat:25.0.0] AndroidManifest.xml:21:5-23:58
MERGED from [com.android.support:support-compat:25.0.0] AndroidManifest.xml:21:5-23:58
INJECTED from src/main/AndroidManifest.xml:8:5-47
INJECTED from src/main/AndroidManifest.xml:8:5-47
	tools:overrideLibrary
		ADDED from [com.android.support:appcompat-v7:25.0.0] AndroidManifest.xml:23:9-75
	android:targetSdkVersion
		ADDED from src/main/AndroidManifest.xml:8:15-44
		INJECTED from src/main/AndroidManifest.xml
		INJECTED from src/main/AndroidManifest.xml
	android:minSdkVersion
		INJECTED from src/main/AndroidManifest.xml
		ADDED from src/main/AndroidManifest.xml:8:5-47
		INJECTED from src/main/AndroidManifest.xml
supports-screens
ADDED from src/main/AndroidManifest.xml:10:5-15:40
	android:largeScreens
		ADDED from src/main/AndroidManifest.xml:12:9-36
	android:smallScreens
		ADDED from src/main/AndroidManifest.xml:14:9-36
	android:normalScreens
		ADDED from src/main/AndroidManifest.xml:13:9-37
	android:xlargeScreens
		ADDED from src/main/AndroidManifest.xml:15:9-37
	android:anyDensity
		ADDED from src/main/AndroidManifest.xml:11:9-34
uses-feature#android.hardware.touchscreen
ADDED from src/main/AndroidManifest.xml:19:5-21:36
	android:required
		ADDED from src/main/AndroidManifest.xml:21:9-33
	android:name
		ADDED from src/main/AndroidManifest.xml:20:9-52
uses-permission#android.permission.ACCESS_FINE_LOCATION
ADDED from src/main/AndroidManifest.xml:26:5-79
	android:name
		ADDED from src/main/AndroidManifest.xml:26:22-76
uses-permission#android.permission.ACCESS_COARSE_LOCATION
ADDED from src/main/AndroidManifest.xml:27:5-80
	android:name
		ADDED from src/main/AndroidManifest.xml:27:22-78
uses-permission#android.permission.RECORD_AUDIO
ADDED from src/main/AndroidManifest.xml:28:5-71
MERGED from [:emvReaderService] AndroidManifest.xml:14:5-71
MERGED from [:emvReaderService] AndroidManifest.xml:14:5-71
	android:name
		ADDED from src/main/AndroidManifest.xml:28:22-68
uses-feature#android.hardware.camera
ADDED from src/main/AndroidManifest.xml:30:5-60
	android:name
		ADDED from src/main/AndroidManifest.xml:30:19-57
uses-feature#android.hardware.camera.autofocus
ADDED from src/main/AndroidManifest.xml:31:5-70
	android:name
		ADDED from src/main/AndroidManifest.xml:31:19-67
uses-feature#android.hardware.microphone
ADDED from src/main/AndroidManifest.xml:32:5-64
	android:name
		ADDED from src/main/AndroidManifest.xml:32:19-61
uses-permission#android.permission.INTERNET
ADDED from src/main/AndroidManifest.xml:35:5-67
MERGED from [com.google.firebase:firebase-analytics:10.0.1] AndroidManifest.xml:20:5-66
MERGED from [com.google.firebase:firebase-analytics:10.0.1] AndroidManifest.xml:20:5-66
MERGED from [com.google.firebase:firebase-analytics-impl:10.0.1] AndroidManifest.xml:20:5-66
MERGED from [com.google.firebase:firebase-analytics-impl:10.0.1] AndroidManifest.xml:20:5-66
MERGED from [com.google.firebase:firebase-iid:10.0.1] AndroidManifest.xml:20:5-66
MERGED from [com.google.firebase:firebase-iid:10.0.1] AndroidManifest.xml:20:5-66
	android:name
		ADDED from src/main/AndroidManifest.xml:35:22-64
uses-permission#android.permission.VIBRATE
ADDED from src/main/AndroidManifest.xml:36:5-66
	android:name
		ADDED from src/main/AndroidManifest.xml:36:22-63
uses-permission#android.permission.FLASHLIGHT
ADDED from src/main/AndroidManifest.xml:37:5-69
	android:name
		ADDED from src/main/AndroidManifest.xml:37:22-66
uses-permission#android.permission.CHANGE_WIFI_STATE
ADDED from src/main/AndroidManifest.xml:39:5-76
	android:name
		ADDED from src/main/AndroidManifest.xml:39:22-73
uses-permission#android.permission.ACCESS_WIFI_STATE
ADDED from src/main/AndroidManifest.xml:40:5-76
MERGED from [:emvReaderService] AndroidManifest.xml:16:5-76
MERGED from [:emvReaderService] AndroidManifest.xml:16:5-76
	android:name
		ADDED from src/main/AndroidManifest.xml:40:22-73
uses-permission#android.permission.WAKE_LOCK
ADDED from src/main/AndroidManifest.xml:41:5-68
MERGED from [com.google.firebase:firebase-analytics:10.0.1] AndroidManifest.xml:22:5-67
MERGED from [com.google.firebase:firebase-analytics:10.0.1] AndroidManifest.xml:22:5-67
MERGED from [com.google.firebase:firebase-analytics-impl:10.0.1] AndroidManifest.xml:22:5-67
MERGED from [com.google.firebase:firebase-analytics-impl:10.0.1] AndroidManifest.xml:22:5-67
MERGED from [com.google.firebase:firebase-iid:10.0.1] AndroidManifest.xml:21:5-67
MERGED from [com.google.firebase:firebase-iid:10.0.1] AndroidManifest.xml:21:5-67
	android:name
		ADDED from src/main/AndroidManifest.xml:41:22-65
uses-permission#android.permission.ACCESS_NETWORK_STATE
ADDED from src/main/AndroidManifest.xml:42:5-79
MERGED from [:emvReaderService] AndroidManifest.xml:15:5-79
MERGED from [:emvReaderService] AndroidManifest.xml:15:5-79
MERGED from [com.google.firebase:firebase-analytics:10.0.1] AndroidManifest.xml:21:5-78
MERGED from [com.google.firebase:firebase-analytics:10.0.1] AndroidManifest.xml:21:5-78
MERGED from [com.google.firebase:firebase-analytics-impl:10.0.1] AndroidManifest.xml:21:5-78
MERGED from [com.google.firebase:firebase-analytics-impl:10.0.1] AndroidManifest.xml:21:5-78
MERGED from [com.google.firebase:firebase-iid:10.0.1] AndroidManifest.xml:19:5-78
MERGED from [com.google.firebase:firebase-iid:10.0.1] AndroidManifest.xml:19:5-78
	android:name
		ADDED from src/main/AndroidManifest.xml:42:22-76
uses-permission#android.permission.RESTART_PACKAGES
ADDED from src/main/AndroidManifest.xml:43:5-75
	android:name
		ADDED from src/main/AndroidManifest.xml:43:22-72
uses-permission#android.permission.WRITE_EXTERNAL_STORAGE
ADDED from src/main/AndroidManifest.xml:44:5-81
MERGED from [:emvReaderService] AndroidManifest.xml:13:5-81
MERGED from [:emvReaderService] AndroidManifest.xml:13:5-81
	android:name
		ADDED from src/main/AndroidManifest.xml:44:22-78
uses-permission#android.permission.WRITE_SETTINGS
ADDED from src/main/AndroidManifest.xml:45:5-73
	android:name
		ADDED from src/main/AndroidManifest.xml:45:22-70
uses-permission#android.permission.BLUETOOTH
ADDED from src/main/AndroidManifest.xml:47:5-68
MERGED from [:emvReaderService] AndroidManifest.xml:11:5-68
MERGED from [:emvReaderService] AndroidManifest.xml:11:5-68
	android:name
		ADDED from src/main/AndroidManifest.xml:47:22-65
uses-permission#android.permission.BLUETOOTH_ADMIN
ADDED from src/main/AndroidManifest.xml:48:5-74
MERGED from [:emvReaderService] AndroidManifest.xml:12:5-74
MERGED from [:emvReaderService] AndroidManifest.xml:12:5-74
	android:name
		ADDED from src/main/AndroidManifest.xml:48:22-71
uses-permission#android.permission.READ_PHONE_STATE
ADDED from src/main/AndroidManifest.xml:49:5-75
MERGED from [:emvReaderService] AndroidManifest.xml:17:5-75
MERGED from [:emvReaderService] AndroidManifest.xml:17:5-75
	android:name
		ADDED from src/main/AndroidManifest.xml:49:22-72
uses-permission#android.permission.MODIFY_AUDIO_SETTINGS
ADDED from src/main/AndroidManifest.xml:50:5-80
	android:name
		ADDED from src/main/AndroidManifest.xml:50:22-77
uses-permission#com.android.launcher.permission.INSTALL_SHORTCUT
ADDED from src/main/AndroidManifest.xml:51:5-88
	android:name
		ADDED from src/main/AndroidManifest.xml:51:22-85
application
ADDED from src/main/AndroidManifest.xml:52:5-128:19
MERGED from [:libRefreshListview] AndroidManifest.xml:11:5-20
MERGED from [:libRefreshListview] AndroidManifest.xml:11:5-20
MERGED from [:emvReaderService] AndroidManifest.xml:19:5-25:19
MERGED from [:emvReaderService] AndroidManifest.xml:19:5-25:19
MERGED from [com.google.firebase:firebase-core:10.0.1] AndroidManifest.xml:5:5-20
MERGED from [com.google.firebase:firebase-core:10.0.1] AndroidManifest.xml:5:5-20
MERGED from [com.google.firebase:firebase-messaging:10.0.1] AndroidManifest.xml:19:5-29:19
MERGED from [com.google.firebase:firebase-messaging:10.0.1] AndroidManifest.xml:19:5-29:19
MERGED from [com.google.android.gms:play-services-base:10.0.1] AndroidManifest.xml:18:5-20:19
MERGED from [com.google.android.gms:play-services-base:10.0.1] AndroidManifest.xml:18:5-20:19
MERGED from [gun0912.ted:tedpermission:2.1.0] AndroidManifest.xml:9:5-15:19
MERGED from [gun0912.ted:tedpermission:2.1.0] AndroidManifest.xml:9:5-15:19
MERGED from [com.google.firebase:firebase-analytics:10.0.1] AndroidManifest.xml:24:5-33:19
MERGED from [com.google.firebase:firebase-analytics:10.0.1] AndroidManifest.xml:24:5-33:19
MERGED from [com.google.firebase:firebase-analytics-impl:10.0.1] AndroidManifest.xml:24:5-28:19
MERGED from [com.google.firebase:firebase-analytics-impl:10.0.1] AndroidManifest.xml:24:5-28:19
MERGED from [com.google.firebase:firebase-iid:10.0.1] AndroidManifest.xml:28:5-50:19
MERGED from [com.google.firebase:firebase-iid:10.0.1] AndroidManifest.xml:28:5-50:19
MERGED from [com.google.firebase:firebase-common:10.0.1] AndroidManifest.xml:4:5-7:19
MERGED from [com.google.firebase:firebase-common:10.0.1] AndroidManifest.xml:4:5-7:19
MERGED from [com.google.android.gms:play-services-tasks:10.0.1] AndroidManifest.xml:4:5-19
MERGED from [com.google.android.gms:play-services-tasks:10.0.1] AndroidManifest.xml:4:5-19
MERGED from [com.google.android.gms:play-services-basement:10.0.1] AndroidManifest.xml:19:5-21:19
MERGED from [com.google.android.gms:play-services-basement:10.0.1] AndroidManifest.xml:19:5-21:19
MERGED from [com.android.support:appcompat-v7:25.0.0] AndroidManifest.xml:25:5-20
MERGED from [com.android.support:appcompat-v7:25.0.0] AndroidManifest.xml:25:5-20
MERGED from [com.android.support:support-v4:25.0.0] AndroidManifest.xml:25:5-20
MERGED from [com.android.support:support-v4:25.0.0] AndroidManifest.xml:25:5-20
MERGED from [com.android.support:animated-vector-drawable:25.0.0] AndroidManifest.xml:22:5-20
MERGED from [com.android.support:animated-vector-drawable:25.0.0] AndroidManifest.xml:22:5-20
MERGED from [com.android.support:support-vector-drawable:25.0.0] AndroidManifest.xml:23:5-20
MERGED from [com.android.support:support-vector-drawable:25.0.0] AndroidManifest.xml:23:5-20
MERGED from [com.android.support:support-fragment:25.0.0] AndroidManifest.xml:25:5-20
MERGED from [com.android.support:support-fragment:25.0.0] AndroidManifest.xml:25:5-20
MERGED from [com.android.support:support-media-compat:25.0.0] AndroidManifest.xml:25:5-20
MERGED from [com.android.support:support-media-compat:25.0.0] AndroidManifest.xml:25:5-20
MERGED from [com.android.support:support-core-utils:25.0.0] AndroidManifest.xml:25:5-20
MERGED from [com.android.support:support-core-utils:25.0.0] AndroidManifest.xml:25:5-20
MERGED from [com.android.support:support-core-ui:25.0.0] AndroidManifest.xml:25:5-20
MERGED from [com.android.support:support-core-ui:25.0.0] AndroidManifest.xml:25:5-20
MERGED from [com.android.support:support-compat:25.0.0] AndroidManifest.xml:25:5-20
MERGED from [com.android.support:support-compat:25.0.0] AndroidManifest.xml:25:5-20
	android:label
		ADDED from src/main/AndroidManifest.xml:56:9-41
	android:icon
		ADDED from src/main/AndroidManifest.xml:55:9-45
	android:allowBackup
		ADDED from src/main/AndroidManifest.xml:54:9-36
	android:theme
		ADDED from src/main/AndroidManifest.xml:57:9-40
	android:name
		ADDED from src/main/AndroidManifest.xml:53:9-66
activity#com.devcrane.payfun.daou.LoadFragment
ADDED from src/main/AndroidManifest.xml:69:9-80:20
	android:screenOrientation
		ADDED from src/main/AndroidManifest.xml:74:13-49
	android:label
		ADDED from src/main/AndroidManifest.xml:73:13-45
	android:launchMode
		ADDED from src/main/AndroidManifest.xml:70:13-43
	android:configChanges
		ADDED from src/main/AndroidManifest.xml:72:13-59
	android:name
		ADDED from src/main/AndroidManifest.xml:71:13-65
intent-filter#action:name:android.intent.action.MAIN+category:name:android.intent.category.LAUNCHER
ADDED from src/main/AndroidManifest.xml:75:13-79:29
action#android.intent.action.MAIN
ADDED from src/main/AndroidManifest.xml:76:17-69
	android:name
		ADDED from src/main/AndroidManifest.xml:76:25-66
category#android.intent.category.LAUNCHER
ADDED from src/main/AndroidManifest.xml:78:17-77
	android:name
		ADDED from src/main/AndroidManifest.xml:78:27-74
activity#com.devcrane.payfun.daou.MainActivity
ADDED from src/main/AndroidManifest.xml:81:9-91:20
	android:screenOrientation
		ADDED from src/main/AndroidManifest.xml:85:13-49
	android:launchMode
		ADDED from src/main/AndroidManifest.xml:82:13-43
	android:configChanges
		ADDED from src/main/AndroidManifest.xml:84:13-59
	android:name
		ADDED from src/main/AndroidManifest.xml:83:13-65
intent-filter#action:name:android.intent.action.MAIN
ADDED from src/main/AndroidManifest.xml:86:12-90:29
service#com.devcrane.android.lib.emvreader.EmvReaderService
ADDED from src/main/AndroidManifest.xml:93:9-97:36
MERGED from [:emvReaderService] AndroidManifest.xml:20:9-24:36
MERGED from [:emvReaderService] AndroidManifest.xml:20:9-24:36
	android:label
		ADDED from src/main/AndroidManifest.xml:97:13-33
	android:exported
		ADDED from src/main/AndroidManifest.xml:95:13-37
	android:icon
		ADDED from src/main/AndroidManifest.xml:96:13-49
	android:name
		ADDED from src/main/AndroidManifest.xml:94:13-79
activity#com.devcrane.payfun.daou.camera.CameraActivity
ADDED from src/main/AndroidManifest.xml:100:9-101:20
	android:name
		ADDED from src/main/AndroidManifest.xml:100:19-80
activity#com.devcrane.payfun.daou.ConfirmActivity
ADDED from src/main/AndroidManifest.xml:102:11-103:20
	android:name
		ADDED from src/main/AndroidManifest.xml:102:21-76
activity#com.devcrane.payfun.daou.MapActivity
ADDED from src/main/AndroidManifest.xml:104:10-105:20
	android:name
		ADDED from src/main/AndroidManifest.xml:104:20-71
activity#com.devcrane.payfun.daou.camera.CouponActivity
ADDED from src/main/AndroidManifest.xml:106:9-109:20
	android:windowSoftInputMode
		ADDED from src/main/AndroidManifest.xml:108:13-57
	android:name
		ADDED from src/main/AndroidManifest.xml:107:10-71
activity#com.devcrane.payfun.daou.ResetPasswordActivity
ADDED from src/main/AndroidManifest.xml:110:9-111:20
	android:name
		ADDED from src/main/AndroidManifest.xml:110:19-80
activity#com.devcrane.payfun.daou.PermissionActivity
ADDED from src/main/AndroidManifest.xml:113:9-115:20
	android:name
		ADDED from src/main/AndroidManifest.xml:113:19-53
service#com.devcrane.payfun.daou.fcm.MyFcmListenerService
ADDED from src/main/AndroidManifest.xml:117:9-121:19
	android:name
		ADDED from src/main/AndroidManifest.xml:117:18-58
intent-filter#action:name:com.google.firebase.MESSAGING_EVENT
ADDED from src/main/AndroidManifest.xml:118:13-120:29
action#com.google.firebase.MESSAGING_EVENT
ADDED from src/main/AndroidManifest.xml:119:17-78
	android:name
		ADDED from src/main/AndroidManifest.xml:119:25-75
service#com.devcrane.payfun.daou.fcm.MyInstanceIDListenerService
ADDED from src/main/AndroidManifest.xml:122:9-126:19
	android:name
		ADDED from src/main/AndroidManifest.xml:122:18-65
intent-filter#action:name:com.google.firebase.INSTANCE_ID_EVENT
ADDED from src/main/AndroidManifest.xml:123:13-125:29
action#com.google.firebase.INSTANCE_ID_EVENT
ADDED from src/main/AndroidManifest.xml:124:17-80
	android:name
		ADDED from src/main/AndroidManifest.xml:124:25-77
uses-permission#android.permission.READ_EXTERNAL_STORAGE
IMPLIED from src/main/AndroidManifest.xml:2:1-130:12 reason: com.devcrane.android.lib.emvreader requested WRITE_EXTERNAL_STORAGE
service#com.google.firebase.messaging.FirebaseMessagingService
ADDED from [com.google.firebase:firebase-messaging:10.0.1] AndroidManifest.xml:23:9-27:19
	android:exported
		ADDED from [com.google.firebase:firebase-messaging:10.0.1] AndroidManifest.xml:23:88-111
	android:name
		ADDED from [com.google.firebase:firebase-messaging:10.0.1] AndroidManifest.xml:23:18-87
activity#com.google.android.gms.common.api.GoogleApiActivity
ADDED from [com.google.android.gms:play-services-base:10.0.1] AndroidManifest.xml:19:9-172
	android:exported
		ADDED from [com.google.android.gms:play-services-base:10.0.1] AndroidManifest.xml:19:146-170
	android:theme
		ADDED from [com.google.android.gms:play-services-base:10.0.1] AndroidManifest.xml:19:86-145
	android:name
		ADDED from [com.google.android.gms:play-services-base:10.0.1] AndroidManifest.xml:19:19-85
activity#com.gun0912.tedpermission.TedPermissionActivity
ADDED from [gun0912.ted:tedpermission:2.1.0] AndroidManifest.xml:10:9-14:67
	android:screenOrientation
		ADDED from [gun0912.ted:tedpermission:2.1.0] AndroidManifest.xml:13:13-49
	android:configChanges
		ADDED from [gun0912.ted:tedpermission:2.1.0] AndroidManifest.xml:12:13-144
	android:theme
		ADDED from [gun0912.ted:tedpermission:2.1.0] AndroidManifest.xml:14:13-64
	android:name
		ADDED from [gun0912.ted:tedpermission:2.1.0] AndroidManifest.xml:11:13-75
receiver#com.google.android.gms.measurement.AppMeasurementReceiver
ADDED from [com.google.firebase:firebase-analytics:10.0.1] AndroidManifest.xml:25:7-26:18
MERGED from [com.google.firebase:firebase-analytics-impl:10.0.1] AndroidManifest.xml:25:7-26:18
MERGED from [com.google.firebase:firebase-analytics-impl:10.0.1] AndroidManifest.xml:25:7-26:18
	android:enabled
		ADDED from [com.google.firebase:firebase-analytics:10.0.1] AndroidManifest.xml:25:90-112
	android:exported
		ADDED from [com.google.firebase:firebase-analytics:10.0.1] AndroidManifest.xml:25:113-137
	android:name
		ADDED from [com.google.firebase:firebase-analytics:10.0.1] AndroidManifest.xml:25:17-89
receiver#com.google.android.gms.measurement.AppMeasurementInstallReferrerReceiver
ADDED from [com.google.firebase:firebase-analytics:10.0.1] AndroidManifest.xml:27:7-31:18
	android:enabled
		ADDED from [com.google.firebase:firebase-analytics:10.0.1] AndroidManifest.xml:27:162-184
	android:permission
		ADDED from [com.google.firebase:firebase-analytics:10.0.1] AndroidManifest.xml:27:105-161
	android:name
		ADDED from [com.google.firebase:firebase-analytics:10.0.1] AndroidManifest.xml:27:17-104
intent-filter#action:name:com.android.vending.INSTALL_REFERRER
ADDED from [com.google.firebase:firebase-analytics:10.0.1] AndroidManifest.xml:28:11-30:27
action#com.android.vending.INSTALL_REFERRER
ADDED from [com.google.firebase:firebase-analytics:10.0.1] AndroidManifest.xml:29:15-76
	android:name
		ADDED from [com.google.firebase:firebase-analytics:10.0.1] AndroidManifest.xml:29:23-74
service#com.google.android.gms.measurement.AppMeasurementService
ADDED from [com.google.firebase:firebase-analytics:10.0.1] AndroidManifest.xml:32:7-137
MERGED from [com.google.firebase:firebase-analytics-impl:10.0.1] AndroidManifest.xml:27:7-137
MERGED from [com.google.firebase:firebase-analytics-impl:10.0.1] AndroidManifest.xml:27:7-137
	android:enabled
		ADDED from [com.google.firebase:firebase-analytics:10.0.1] AndroidManifest.xml:32:88-110
	android:exported
		ADDED from [com.google.firebase:firebase-analytics:10.0.1] AndroidManifest.xml:32:111-135
	android:name
		ADDED from [com.google.firebase:firebase-analytics:10.0.1] AndroidManifest.xml:32:16-87
uses-permission#com.google.android.c2dm.permission.RECEIVE
ADDED from [com.google.firebase:firebase-iid:10.0.1] AndroidManifest.xml:22:5-81
	android:name
		ADDED from [com.google.firebase:firebase-iid:10.0.1] AndroidManifest.xml:22:22-79
permission#${applicationId}.permission.C2D_MESSAGE
ADDED from [com.google.firebase:firebase-iid:10.0.1] AndroidManifest.xml:24:5-109
	android:protectionLevel
		ADDED from [com.google.firebase:firebase-iid:10.0.1] AndroidManifest.xml:24:72-107
	android:name
		ADDED from [com.google.firebase:firebase-iid:10.0.1] AndroidManifest.xml:24:17-71
permission#com.devcrane.payfun.daou.permission.C2D_MESSAGE
ADDED from [com.google.firebase:firebase-iid:10.0.1] AndroidManifest.xml:24:5-109
	android:protectionLevel
		ADDED from [com.google.firebase:firebase-iid:10.0.1] AndroidManifest.xml:24:72-107
	android:name
		ADDED from [com.google.firebase:firebase-iid:10.0.1] AndroidManifest.xml:24:17-71
uses-permission#${applicationId}.permission.C2D_MESSAGE
ADDED from [com.google.firebase:firebase-iid:10.0.1] AndroidManifest.xml:26:5-78
	android:name
		ADDED from [com.google.firebase:firebase-iid:10.0.1] AndroidManifest.xml:26:22-76
uses-permission#com.devcrane.payfun.daou.permission.C2D_MESSAGE
ADDED from [com.google.firebase:firebase-iid:10.0.1] AndroidManifest.xml:26:5-78
	android:name
		ADDED from [com.google.firebase:firebase-iid:10.0.1] AndroidManifest.xml:26:22-76
receiver#com.google.firebase.iid.FirebaseInstanceIdReceiver
ADDED from [com.google.firebase:firebase-iid:10.0.1] AndroidManifest.xml:30:9-36:20
	android:exported
		ADDED from [com.google.firebase:firebase-iid:10.0.1] AndroidManifest.xml:30:85-108
	android:permission
		ADDED from [com.google.firebase:firebase-iid:10.0.1] AndroidManifest.xml:30:109-169
	android:name
		ADDED from [com.google.firebase:firebase-iid:10.0.1] AndroidManifest.xml:30:19-84
intent-filter#action:name:com.google.android.c2dm.intent.RECEIVE+action:name:com.google.android.c2dm.intent.REGISTRATION+category:name:${applicationId}
ADDED from [com.google.firebase:firebase-iid:10.0.1] AndroidManifest.xml:31:13-35:29
intent-filter#action:name:com.google.android.c2dm.intent.RECEIVE+action:name:com.google.android.c2dm.intent.REGISTRATION+category:name:com.devcrane.payfun.daou
ADDED from [com.google.firebase:firebase-iid:10.0.1] AndroidManifest.xml:31:13-35:29
action#com.google.android.c2dm.intent.RECEIVE
ADDED from [com.google.firebase:firebase-iid:10.0.1] AndroidManifest.xml:32:17-80
	android:name
		ADDED from [com.google.firebase:firebase-iid:10.0.1] AndroidManifest.xml:32:25-78
action#com.google.android.c2dm.intent.REGISTRATION
ADDED from [com.google.firebase:firebase-iid:10.0.1] AndroidManifest.xml:33:17-85
	android:name
		ADDED from [com.google.firebase:firebase-iid:10.0.1] AndroidManifest.xml:33:25-83
category#${applicationId}
ADDED from [com.google.firebase:firebase-iid:10.0.1] AndroidManifest.xml:34:17-60
	android:name
		ADDED from [com.google.firebase:firebase-iid:10.0.1] AndroidManifest.xml:34:27-58
category#com.devcrane.payfun.daou
ADDED from [com.google.firebase:firebase-iid:10.0.1] AndroidManifest.xml:34:17-60
	android:name
		ADDED from [com.google.firebase:firebase-iid:10.0.1] AndroidManifest.xml:34:27-58
receiver#com.google.firebase.iid.FirebaseInstanceIdInternalReceiver
ADDED from [com.google.firebase:firebase-iid:10.0.1] AndroidManifest.xml:40:9-119
	android:exported
		ADDED from [com.google.firebase:firebase-iid:10.0.1] AndroidManifest.xml:40:93-117
	android:name
		ADDED from [com.google.firebase:firebase-iid:10.0.1] AndroidManifest.xml:40:19-92
service#com.google.firebase.iid.FirebaseInstanceIdService
ADDED from [com.google.firebase:firebase-iid:10.0.1] AndroidManifest.xml:44:9-48:19
	android:exported
		ADDED from [com.google.firebase:firebase-iid:10.0.1] AndroidManifest.xml:44:83-106
	android:name
		ADDED from [com.google.firebase:firebase-iid:10.0.1] AndroidManifest.xml:44:18-82
provider#com.google.firebase.provider.FirebaseInitProvider
ADDED from [com.google.firebase:firebase-common:10.0.1] AndroidManifest.xml:6:9-194
	android:authorities
		ADDED from [com.google.firebase:firebase-common:10.0.1] AndroidManifest.xml:6:19-78
	android:exported
		ADDED from [com.google.firebase:firebase-common:10.0.1] AndroidManifest.xml:6:144-168